<?xml version="1.0" encoding="UTF-8"?>
<!-- Generated by org.testng.reporters.JUnitReportReporter -->
<testsuite hostname="Bunny" failures="0" tests="1" name="test.TestHotelAppTest" time="12.645" errors="0" timestamp="2022-04-05T00:12:15 IST" skipped="0">
  <testcase classname="test.TestHotelAppTest" name="TesthotelApp" time="12.645"/>
  <system-out/>
</testsuite> <!-- test.TestHotelAppTest -->
